This is pdfTeX, Version 3.1415926-2.5-1.40.14 (TeX Live 2013/Debian) (format=pdflatex 2016.4.13)  6 MAY 2016 11:01
entering extended mode
 restricted \write18 enabled.
 %&-line parsing enabled.
**SHDC_Document.tex
(./SHDC_Document.tex
LaTeX2e <2011/06/27>
Babel <3.9h> and hyphenation patterns for 4 languages loaded.
(/usr/share/texlive/texmf-dist/tex/latex/base/article.cls
Document Class: article 2007/10/19 v1.4h Standard LaTeX document class
(/usr/share/texlive/texmf-dist/tex/latex/base/size12.clo
File: size12.clo 2007/10/19 v1.4h Standard LaTeX file (size option)
)
\c@part=\count79
\c@section=\count80
\c@subsection=\count81
\c@subsubsection=\count82
\c@paragraph=\count83
\c@subparagraph=\count84
\c@figure=\count85
\c@table=\count86
\abovecaptionskip=\skip41
\belowcaptionskip=\skip42
\bibindent=\dimen102
)
(/usr/share/texlive/texmf-dist/tex/latex/graphics/graphicx.sty
Package: graphicx 1999/02/16 v1.0f Enhanced LaTeX Graphics (DPC,SPQR)

(/usr/share/texlive/texmf-dist/tex/latex/graphics/keyval.sty
Package: keyval 1999/03/16 v1.13 key=value parser (DPC)
\KV@toks@=\toks14
)
(/usr/share/texlive/texmf-dist/tex/latex/graphics/graphics.sty
Package: graphics 2009/02/05 v1.0o Standard LaTeX Graphics (DPC,SPQR)

(/usr/share/texlive/texmf-dist/tex/latex/graphics/trig.sty
Package: trig 1999/03/16 v1.09 sin cos tan (DPC)
)
(/usr/share/texlive/texmf-dist/tex/latex/latexconfig/graphics.cfg
File: graphics.cfg 2010/04/23 v1.9 graphics configuration of TeX Live
)
Package graphics Info: Driver file: pdftex.def on input line 91.

(/usr/share/texlive/texmf-dist/tex/latex/pdftex-def/pdftex.def
File: pdftex.def 2011/05/27 v0.06d Graphics/color for pdfTeX

(/usr/share/texlive/texmf-dist/tex/generic/oberdiek/infwarerr.sty
Package: infwarerr 2010/04/08 v1.3 Providing info/warning/error messages (HO)
)
(/usr/share/texlive/texmf-dist/tex/generic/oberdiek/ltxcmds.sty
Package: ltxcmds 2011/11/09 v1.22 LaTeX kernel commands for general use (HO)
)
\Gread@gobject=\count87
))
\Gin@req@height=\dimen103
\Gin@req@width=\dimen104
)
(/usr/share/texlive/texmf-dist/tex/latex/oberdiek/epstopdf.sty
Package: epstopdf 2010/02/09 v2.5 Conversion with epstopdf on the fly (HO)

(/usr/share/texlive/texmf-dist/tex/latex/oberdiek/epstopdf-base.sty
Package: epstopdf-base 2010/02/09 v2.5 Base part for package epstopdf

(/usr/share/texlive/texmf-dist/tex/latex/oberdiek/grfext.sty
Package: grfext 2010/08/19 v1.1 Manage graphics extensions (HO)

(/usr/share/texlive/texmf-dist/tex/generic/oberdiek/kvdefinekeys.sty
Package: kvdefinekeys 2011/04/07 v1.3 Define keys (HO)
))
(/usr/share/texlive/texmf-dist/tex/latex/oberdiek/kvoptions.sty
Package: kvoptions 2011/06/30 v3.11 Key value format for package options (HO)

(/usr/share/texlive/texmf-dist/tex/generic/oberdiek/kvsetkeys.sty
Package: kvsetkeys 2012/04/25 v1.16 Key value parser (HO)

(/usr/share/texlive/texmf-dist/tex/generic/oberdiek/etexcmds.sty
Package: etexcmds 2011/02/16 v1.5 Avoid name clashes with e-TeX commands (HO)

(/usr/share/texlive/texmf-dist/tex/generic/oberdiek/ifluatex.sty
Package: ifluatex 2010/03/01 v1.3 Provides the ifluatex switch (HO)
Package ifluatex Info: LuaTeX not detected.
)
Package etexcmds Info: Could not find \expanded.
(etexcmds)             That can mean that you are not using pdfTeX 1.50 or
(etexcmds)             that some package has redefined \expanded.
(etexcmds)             In the latter case, load this package earlier.
)))
(/usr/share/texlive/texmf-dist/tex/generic/oberdiek/pdftexcmds.sty
Package: pdftexcmds 2011/11/29 v0.20 Utility functions of pdfTeX for LuaTeX (HO
)

(/usr/share/texlive/texmf-dist/tex/generic/oberdiek/ifpdf.sty
Package: ifpdf 2011/01/30 v2.3 Provides the ifpdf switch (HO)
Package ifpdf Info: pdfTeX in PDF mode is detected.
)
Package pdftexcmds Info: LuaTeX not detected.
Package pdftexcmds Info: \pdf@primitive is available.
Package pdftexcmds Info: \pdf@ifprimitive is available.
Package pdftexcmds Info: \pdfdraftmode found.
)
Package grfext Info: Graphics extension search list:
(grfext)             [.png,.pdf,.jpg,.mps,.jpeg,.jbig2,.jb2,.PNG,.PDF,.JPG,.JPE
G,.JBIG2,.JB2,.eps]
(grfext)             \AppendGraphicsExtensions on input line 452.

(/usr/share/texlive/texmf-dist/tex/latex/latexconfig/epstopdf-sys.cfg
File: epstopdf-sys.cfg 2010/07/13 v1.3 Configuration of (r)epstopdf for TeX Liv
e
)))
(/usr/share/texlive/texmf-dist/tex/generic/babel/babel.sty
Package: babel 2013/12/03 3.9h The Babel package

(/usr/share/texlive/texmf-dist/tex/generic/babel-english/english.ldf
Language: english 2012/08/20 v3.3p English support from the babel system

(/usr/share/texlive/texmf-dist/tex/generic/babel/babel.def
File: babel.def 2013/12/03 3.9h Babel common definitions
\babel@savecnt=\count88
\U@D=\dimen105
)
\l@canadian = a dialect from \language\l@american 
\l@australian = a dialect from \language\l@british 
\l@newzealand = a dialect from \language\l@british 
))
(/usr/share/texlive/texmf-dist/tex/latex/appendix/appendix.sty
Package: appendix 2009/09/02 v1.2b extra appendix facilities
\c@@pps=\count89
\c@@ppsavesec=\count90
\c@@ppsaveapp=\count91
)
(/usr/share/texlive/texmf-dist/tex/latex/listings/listings.sty
\lst@mode=\count92
\lst@gtempboxa=\box26
\lst@token=\toks15
\lst@length=\count93
\lst@currlwidth=\dimen106
\lst@column=\count94
\lst@pos=\count95
\lst@lostspace=\dimen107
\lst@width=\dimen108
\lst@newlines=\count96
\lst@lineno=\count97
\lst@maxwidth=\dimen109

(/usr/share/texlive/texmf-dist/tex/latex/listings/lstmisc.sty
File: lstmisc.sty 2013/08/26 1.5b (Carsten Heinz)
\c@lstnumber=\count98
\lst@skipnumbers=\count99
\lst@framebox=\box27
)
(/usr/share/texlive/texmf-dist/tex/latex/listings/listings.cfg
File: listings.cfg 2013/08/26 1.5b listings configuration
))
Package: listings 2013/08/26 1.5b (Carsten Heinz)

(/usr/share/texlive/texmf-dist/tex/latex/caption/caption.sty
Package: caption 2013/05/02 v3.3-89 Customizing captions (AR)

(/usr/share/texlive/texmf-dist/tex/latex/caption/caption3.sty
Package: caption3 2013/05/02 v1.6-88 caption3 kernel (AR)
Package caption3 Info: TeX engine: e-TeX on input line 57.
\captionmargin=\dimen110
\captionmargin@=\dimen111
\captionwidth=\dimen112
\caption@tempdima=\dimen113
\caption@indent=\dimen114
\caption@parindent=\dimen115
\caption@hangindent=\dimen116
)
\c@ContinuedFloat=\count100
Package caption Info: listings package is loaded.
)
(/usr/share/texlive/texmf-dist/tex/latex/graphics/epsfig.sty
Package: epsfig 1999/02/16 v1.7a (e)psfig emulation (SPQR)
\epsfxsize=\dimen117
\epsfysize=\dimen118
)
(/usr/share/texlive/texmf-dist/tex/latex/hyperref/hyperref.sty
Package: hyperref 2012/11/06 v6.83m Hypertext links for LaTeX

(/usr/share/texlive/texmf-dist/tex/generic/oberdiek/hobsub-hyperref.sty
Package: hobsub-hyperref 2012/05/28 v1.13 Bundle oberdiek, subset hyperref (HO)


(/usr/share/texlive/texmf-dist/tex/generic/oberdiek/hobsub-generic.sty
Package: hobsub-generic 2012/05/28 v1.13 Bundle oberdiek, subset generic (HO)
Package: hobsub 2012/05/28 v1.13 Construct package bundles (HO)
Package hobsub Info: Skipping package `infwarerr' (already loaded).
Package hobsub Info: Skipping package `ltxcmds' (already loaded).
Package hobsub Info: Skipping package `ifluatex' (already loaded).
Package: ifvtex 2010/03/01 v1.5 Detect VTeX and its facilities (HO)
Package ifvtex Info: VTeX not detected.
Package: intcalc 2007/09/27 v1.1 Expandable calculations with integers (HO)
Package hobsub Info: Skipping package `ifpdf' (already loaded).
Package hobsub Info: Skipping package `etexcmds' (already loaded).
Package hobsub Info: Skipping package `kvsetkeys' (already loaded).
Package hobsub Info: Skipping package `kvdefinekeys' (already loaded).
Package hobsub Info: Skipping package `pdftexcmds' (already loaded).
Package: pdfescape 2011/11/25 v1.13 Implements pdfTeX's escape features (HO)
Package: bigintcalc 2012/04/08 v1.3 Expandable calculations on big integers (HO
)
Package: bitset 2011/01/30 v1.1 Handle bit-vector datatype (HO)
Package: uniquecounter 2011/01/30 v1.2 Provide unlimited unique counter (HO)
)
Package hobsub Info: Skipping package `hobsub' (already loaded).
Package: letltxmacro 2010/09/02 v1.4 Let assignment for LaTeX macros (HO)
Package: hopatch 2012/05/28 v1.2 Wrapper for package hooks (HO)
Package: xcolor-patch 2011/01/30 xcolor patch
Package: atveryend 2011/06/30 v1.8 Hooks at the very end of document (HO)
Package atveryend Info: \enddocument detected (standard20110627).
Package: atbegshi 2011/10/05 v1.16 At begin shipout hook (HO)
Package: refcount 2011/10/16 v3.4 Data extraction from label references (HO)
Package: hycolor 2011/01/30 v1.7 Color options for hyperref/bookmark (HO)
)
(/usr/share/texlive/texmf-dist/tex/generic/ifxetex/ifxetex.sty
Package: ifxetex 2010/09/12 v0.6 Provides ifxetex conditional
)
(/usr/share/texlive/texmf-dist/tex/latex/oberdiek/auxhook.sty
Package: auxhook 2011/03/04 v1.3 Hooks for auxiliary files (HO)
)
\@linkdim=\dimen119
\Hy@linkcounter=\count101
\Hy@pagecounter=\count102

(/usr/share/texlive/texmf-dist/tex/latex/hyperref/pd1enc.def
File: pd1enc.def 2012/11/06 v6.83m Hyperref: PDFDocEncoding definition (HO)
)
\Hy@SavedSpaceFactor=\count103

(/usr/share/texlive/texmf-dist/tex/latex/latexconfig/hyperref.cfg
File: hyperref.cfg 2002/06/06 v1.2 hyperref configuration of TeXLive
)
Package hyperref Info: Hyper figures OFF on input line 4443.
Package hyperref Info: Link nesting OFF on input line 4448.
Package hyperref Info: Hyper index ON on input line 4451.
Package hyperref Info: Plain pages OFF on input line 4458.
Package hyperref Info: Backreferencing OFF on input line 4463.
Package hyperref Info: Implicit mode ON; LaTeX internals redefined.
Package hyperref Info: Bookmarks ON on input line 4688.
\c@Hy@tempcnt=\count104

(/usr/share/texlive/texmf-dist/tex/latex/url/url.sty
\Urlmuskip=\muskip10
Package: url 2013/09/16  ver 3.4  Verb mode for urls, etc.
)
LaTeX Info: Redefining \url on input line 5041.
\XeTeXLinkMargin=\dimen120
\Fld@menulength=\count105
\Field@Width=\dimen121
\Fld@charsize=\dimen122
Package hyperref Info: Hyper figures OFF on input line 6295.
Package hyperref Info: Link nesting OFF on input line 6300.
Package hyperref Info: Hyper index ON on input line 6303.
Package hyperref Info: backreferencing OFF on input line 6310.
Package hyperref Info: Link coloring OFF on input line 6315.
Package hyperref Info: Link coloring with OCG OFF on input line 6320.
Package hyperref Info: PDF/A mode OFF on input line 6325.
LaTeX Info: Redefining \ref on input line 6365.
LaTeX Info: Redefining \pageref on input line 6369.
\Hy@abspage=\count106
\c@Item=\count107
\c@Hfootnote=\count108
)

Package hyperref Message: Driver (autodetected): hpdftex.

(/usr/share/texlive/texmf-dist/tex/latex/hyperref/hpdftex.def
File: hpdftex.def 2012/11/06 v6.83m Hyperref driver for pdfTeX
\Fld@listcount=\count109
\c@bookmark@seq@number=\count110

(/usr/share/texlive/texmf-dist/tex/latex/oberdiek/rerunfilecheck.sty
Package: rerunfilecheck 2011/04/15 v1.7 Rerun checks for auxiliary files (HO)
Package uniquecounter Info: New unique counter `rerunfilecheck' on input line 2
82.
)
\Hy@SectionHShift=\skip43
)
(/usr/share/texlive/texmf-dist/tex/latex/geometry/geometry.sty
Package: geometry 2010/09/12 v5.6 Page Geometry
\Gm@cnth=\count111
\Gm@cntv=\count112
\c@Gm@tempcnt=\count113
\Gm@bindingoffset=\dimen123
\Gm@wd@mp=\dimen124
\Gm@odd@mp=\dimen125
\Gm@even@mp=\dimen126
\Gm@layoutwidth=\dimen127
\Gm@layoutheight=\dimen128
\Gm@layouthoffset=\dimen129
\Gm@layoutvoffset=\dimen130
\Gm@dimlist=\toks16
)
(/usr/share/texlive/texmf-dist/tex/latex/braket/braket.sty)
(/usr/share/texlive/texmf-dist/tex/latex/datenumber/datenumber.sty
Package: datenumber 2001/08/06v0.02

(/usr/share/texlive/texmf-dist/tex/latex/datenumber/datenumberUSenglish.ldf
File: datenumberUSenglish.ldf 
)
\c@@dayscnt=\count114
\c@@startyear=\count115
\c@datenumber=\count116
\c@dateyear=\count117
\c@datemonth=\count118
\c@dateday=\count119
\c@datedayname=\count120
\@nom=\count121
\@den=\count122
)
(/usr/share/texlive/texmf-dist/tex/latex/placeins/placeins.sty
Package: placeins 2005/04/18  v 2.2
)
(./SHDC_Document.aux)
\openout1 = `SHDC_Document.aux'.

LaTeX Font Info:    Checking defaults for OML/cmm/m/it on input line 21.
LaTeX Font Info:    ... okay on input line 21.
LaTeX Font Info:    Checking defaults for T1/cmr/m/n on input line 21.
LaTeX Font Info:    ... okay on input line 21.
LaTeX Font Info:    Checking defaults for OT1/cmr/m/n on input line 21.
LaTeX Font Info:    ... okay on input line 21.
LaTeX Font Info:    Checking defaults for OMS/cmsy/m/n on input line 21.
LaTeX Font Info:    ... okay on input line 21.
LaTeX Font Info:    Checking defaults for OMX/cmex/m/n on input line 21.
LaTeX Font Info:    ... okay on input line 21.
LaTeX Font Info:    Checking defaults for U/cmr/m/n on input line 21.
LaTeX Font Info:    ... okay on input line 21.
LaTeX Font Info:    Checking defaults for PD1/pdf/m/n on input line 21.
LaTeX Font Info:    ... okay on input line 21.

(/usr/share/texlive/texmf-dist/tex/context/base/supp-pdf.mkii
[Loading MPS to PDF converter (version 2006.09.02).]
\scratchcounter=\count123
\scratchdimen=\dimen131
\scratchbox=\box28
\nofMPsegments=\count124
\nofMParguments=\count125
\everyMPshowfont=\toks17
\MPscratchCnt=\count126
\MPscratchDim=\dimen132
\MPnumerator=\count127
\makeMPintoPDFobject=\count128
\everyMPtoPDFconversion=\toks18
)
\c@lstlisting=\count129
Package caption Info: Begin \AtBeginDocument code.
Package caption Info: hyperref package is loaded.
Package caption Info: End \AtBeginDocument code.
\AtBeginShipoutBox=\box29
Package hyperref Info: Link coloring OFF on input line 21.
 (/usr/share/texlive/texmf-dist/tex/latex/hyperref/nameref.sty
Package: nameref 2012/10/27 v2.43 Cross-referencing by name of section

(/usr/share/texlive/texmf-dist/tex/generic/oberdiek/gettitlestring.sty
Package: gettitlestring 2010/12/03 v1.4 Cleanup title references (HO)
)
\c@section@level=\count130
)
LaTeX Info: Redefining \ref on input line 21.
LaTeX Info: Redefining \pageref on input line 21.
LaTeX Info: Redefining \nameref on input line 21.

(./SHDC_Document.out) (./SHDC_Document.out)
\@outlinefile=\write3
\openout3 = `SHDC_Document.out'.


*geometry* driver: auto-detecting
*geometry* detected driver: pdftex
*geometry* verbose mode - [ preamble ] result:
* driver: pdftex
* paper: <default>
* layout: <same size as paper>
* layoutoffset:(h,v)=(0.0pt,0.0pt)
* modes: 
* h-part:(L,W,R)=(85.35826pt, 443.57848pt, 85.35826pt)
* v-part:(T,H,B)=(85.35826pt, 614.21436pt, 95.39737pt)
* \paperwidth=614.295pt
* \paperheight=794.96999pt
* \textwidth=443.57848pt
* \textheight=614.21436pt
* \oddsidemargin=13.08827pt
* \evensidemargin=13.08827pt
* \topmargin=13.08827pt
* \headheight=0.0pt
* \headsep=0.0pt
* \topskip=12.0pt
* \footskip=0.0pt
* \marginparwidth=44.0pt
* \marginparsep=10.0pt
* \columnsep=10.0pt
* \skip\footins=10.8pt plus 4.0pt minus 2.0pt
* \hoffset=0.0pt
* \voffset=0.0pt
* \mag=1000
* \@twocolumnfalse
* \@twosidefalse
* \@mparswitchfalse
* \@reversemarginfalse
* (1in=72.27pt=25.4mm, 1cm=28.453pt)

<logo-andes.jpg, id=124, 423.14085pt x 169.1118pt>
File: logo-andes.jpg Graphic file (type jpg)
 <use logo-andes.jpg>
Package pdftex.def Info: logo-andes.jpg used on input line 26.
(pdftex.def)             Requested size: 317.35486pt x 126.83353pt.

[1

{/var/lib/texmf/fonts/map/pdftex/updmap/pdftex.map} <./logo-andes.jpg>]
[2] [3] (./SHDC_Document.toc
LaTeX Font Info:    External font `cmex10' loaded for size
(Font)              <12> on input line 6.
LaTeX Font Info:    External font `cmex10' loaded for size
(Font)              <8> on input line 6.
LaTeX Font Info:    External font `cmex10' loaded for size
(Font)              <6> on input line 6.
)
\tf@toc=\write4
\openout4 = `SHDC_Document.toc'.

 [4]
Underfull \hbox (badness 10000) in paragraph at lines 108--113

 []


Underfull \hbox (badness 10000) in paragraph at lines 114--124

 []


Underfull \hbox (badness 10000) in paragraph at lines 114--124

 []


Underfull \hbox (badness 10000) in paragraph at lines 125--132

 []


Underfull \hbox (badness 10000) in paragraph at lines 136--142

 []


Underfull \hbox (badness 10000) in paragraph at lines 148--152

 []

[5]
Underfull \hbox (badness 10000) in paragraph at lines 166--177

 []


Underfull \hbox (badness 10000) in paragraph at lines 191--199

 []

[6]
Underfull \hbox (badness 10000) in paragraph at lines 239--241

 []


Package hyperref Warning: Token not allowed in a PDF string (PDFDocEncoding):
(hyperref)                removing `math shift' on input line 263.


Package hyperref Warning: Token not allowed in a PDF string (PDFDocEncoding):
(hyperref)                removing `\delta' on input line 263.


Package hyperref Warning: Token not allowed in a PDF string (PDFDocEncoding):
(hyperref)                removing `math shift' on input line 263.


Underfull \hbox (badness 10000) in paragraph at lines 266--274

 []

[7]
LaTeX Font Info:    External font `cmex10' loaded for size
(Font)              <14.4> on input line 345.
LaTeX Font Info:    External font `cmex10' loaded for size
(Font)              <7> on input line 345.


Package hyperref Warning: Token not allowed in a PDF string (PDFDocEncoding):
(hyperref)                removing `math shift' on input line 345.


Package hyperref Warning: Token not allowed in a PDF string (PDFDocEncoding):
(hyperref)                removing `\delta' on input line 345.


Package hyperref Warning: Token not allowed in a PDF string (PDFDocEncoding):
(hyperref)                removing `math shift' on input line 345.

<simulation/FA_hist_sim.png, id=222, 361.35pt x 361.35pt>
File: simulation/FA_hist_sim.png Graphic file (type png)

<use simulation/FA_hist_sim.png>
Package pdftex.def Info: simulation/FA_hist_sim.png used on input line 354.
(pdftex.def)             Requested size: 177.43205pt x 177.43246pt.

<simulation/FA_cut_i_10.png, id=224, 433.62pt x 433.62pt>
File: simulation/FA_cut_i_10.png Graphic file (type png)

<use simulation/FA_cut_i_10.png>
Package pdftex.def Info: simulation/FA_cut_i_10.png used on input line 360.
(pdftex.def)             Requested size: 210.69908pt x 210.70244pt.

Overfull \hbox (8.39053pt too wide) in paragraph at lines 348--365
\OT1/cmr/m/n/12 Using our small and dense sim-u-la-tion de-scribed in ta-ble []
1[], af-ter the CIC (in a 256x256x256
 []


LaTeX Warning: Citation `bustamante_tensor_2015' on page 8 undefined on input l
ine 377.

[8 <./simulation/FA_hist_sim.png> <./simulation/FA_cut_i_10.png>]

Package hyperref Warning: Token not allowed in a PDF string (PDFDocEncoding):
(hyperref)                removing `math shift' on input line 392.


Package hyperref Warning: Token not allowed in a PDF string (PDFDocEncoding):
(hyperref)                removing `\delta' on input line 392.


Package hyperref Warning: Token not allowed in a PDF string (PDFDocEncoding):
(hyperref)                removing `math shift' on input line 392.

<simulation/Trace_hist_sim.png, id=238, 361.35pt x 361.35pt>
File: simulation/Trace_hist_sim.png Graphic file (type png)

<use simulation/Trace_hist_sim.png>
Package pdftex.def Info: simulation/Trace_hist_sim.png used on input line 404.
(pdftex.def)             Requested size: 177.43205pt x 177.43246pt.

<simulation/Trace_cut_i_10.png, id=239, 433.62pt x 433.62pt>
File: simulation/Trace_cut_i_10.png Graphic file (type png)

<use simulation/Trace_cut_i_10.png>
Package pdftex.def Info: simulation/Trace_cut_i_10.png used on input line 410.
(pdftex.def)             Requested size: 210.69908pt x 210.70244pt.

Overfull \hbox (1.39241pt too wide) in paragraph at lines 436--436
[]\OT1/cmr/bx/n/14.4 Region Grow-ing Al-go-rithm and FoF with the FA and Over-
 []

LaTeX Font Info:    Try loading font information for OMS+cmr on input line 453.

(/usr/share/texlive/texmf-dist/tex/latex/base/omscmr.fd
File: omscmr.fd 1999/05/25 v2.5h Standard LaTeX font definitions
)
LaTeX Font Info:    Font shape `OMS/cmr/m/n' in size <12> not available
(Font)              Font shape `OMS/cmsy/m/n' tried instead on input line 453.
 [9 <./simulation/Trace_hist_sim.png> <./simulation/Trace_cut_i_10.png>] (./SHD
C_Document.bbl
Missing character: There is no Ã in font cmr12!
Missing character: There is no © in font cmr12!
Missing character: There is no Ã in font cmr12!
Missing character: There is no ¨ in font cmr12!
Missing character: There is no Ã in font cmr12!
Missing character: There is no ¨ in font cmr12!
Missing character: There is no Ä in font cmr12!
Missing character: There is no ‡ in font cmr12!
Missing character: There is no Ã in font cmr12!
Missing character: There is no © in font cmr12!
Missing character: There is no Ã in font cmr12!
Missing character: There is no ¨ in font cmr12!
Missing character: There is no Ã in font cmr12!
Missing character: There is no © in font cmr12!
 [10]
Missing character: There is no Ã in font cmr12!
Missing character: There is no ¶ in font cmr12!
)
[11]
Underfull \hbox (badness 10000) in paragraph at lines 513--520

 []


Underfull \hbox (badness 10000) in paragraph at lines 531--535

 []


Underfull \hbox (badness 10000) in paragraph at lines 536--538

 []

<graphs/hist_vel.png, id=274, 578.16pt x 433.62pt>
File: graphs/hist_vel.png Graphic file (type png)
 <use graphs/hist_vel.png>
Package pdftex.def Info: graphs/hist_vel.png used on input line 542.
(pdftex.def)             Requested size: 399.21791pt x 299.40985pt.

[12]
Underfull \hbox (badness 10000) in paragraph at lines 563--566

 []

<graphs/pos_3d_vel_menor_s_smaller.png, id=284, 2168.1pt x 2168.1pt>
File: graphs/pos_3d_vel_menor_s_smaller.png Graphic file (type png)

<use graphs/pos_3d_vel_menor_s_smaller.png>
Package pdftex.def Info: graphs/pos_3d_vel_menor_s_smaller.png used on input li
ne 577.
(pdftex.def)             Requested size: 354.86412pt x 354.8429pt.
 [13 <./graphs/hist_vel.png>]
Underfull \hbox (badness 10000) in paragraph at lines 588--589

 []

<graphs/scatter_magnitud_vel50000.png, id=292, 1445.4pt x 1445.4pt>
File: graphs/scatter_magnitud_vel50000.png Graphic file (type png)

<use graphs/scatter_magnitud_vel50000.png>
Package pdftex.def Info: graphs/scatter_magnitud_vel50000.png used on input lin
e 597.
(pdftex.def)             Requested size: 179.64682pt x 179.63797pt.

<graphs/scatter_magnitud_vel100000.png, id=293, 1445.4pt x 1445.4pt>
File: graphs/scatter_magnitud_vel100000.png Graphic file (type png)

<use graphs/scatter_magnitud_vel100000.png>
Package pdftex.def Info: graphs/scatter_magnitud_vel100000.png used on input li
ne 601.
(pdftex.def)             Requested size: 179.64682pt x 179.63797pt.

<graphs/scatter_magnitud_vel150000.png, id=294, 1445.4pt x 1445.4pt>
File: graphs/scatter_magnitud_vel150000.png Graphic file (type png)

<use graphs/scatter_magnitud_vel150000.png>
Package pdftex.def Info: graphs/scatter_magnitud_vel150000.png used on input li
ne 605.
(pdftex.def)             Requested size: 179.64682pt x 179.63797pt.

<graphs/scatter_magnitud_vel200000.png, id=295, 1445.4pt x 1445.4pt>
File: graphs/scatter_magnitud_vel200000.png Graphic file (type png)

<use graphs/scatter_magnitud_vel200000.png>
Package pdftex.def Info: graphs/scatter_magnitud_vel200000.png used on input li
ne 609.
(pdftex.def)             Requested size: 179.64682pt x 179.63797pt.
 [14 <./graphs/pos_3d_vel_menor_s_smaller.png>]
Underfull \hbox (badness 10000) in paragraph at lines 616--618

 []


Underfull \hbox (badness 10000) in paragraph at lines 619--620

 []

<graphs/scatter_magnitud_vel_488_lz_100000.png, id=303, 1445.4pt x 1445.4pt>
File: graphs/scatter_magnitud_vel_488_lz_100000.png Graphic file (type png)

<use graphs/scatter_magnitud_vel_488_lz_100000.png>
Package pdftex.def Info: graphs/scatter_magnitud_vel_488_lz_100000.png used on 
input line 625.
(pdftex.def)             Requested size: 179.64682pt x 179.63797pt.

<graphs/scatter_magnitud_vel_488_lz_200000.png, id=304, 1445.4pt x 1445.4pt>
File: graphs/scatter_magnitud_vel_488_lz_200000.png Graphic file (type png)

<use graphs/scatter_magnitud_vel_488_lz_200000.png>
Package pdftex.def Info: graphs/scatter_magnitud_vel_488_lz_200000.png used on 
input line 629.
(pdftex.def)             Requested size: 179.64682pt x 179.63797pt.

<graphs/scatter_magnitud_vel_59_lz_100000.png, id=305, 1445.4pt x 1445.4pt>
File: graphs/scatter_magnitud_vel_59_lz_100000.png Graphic file (type png)

<use graphs/scatter_magnitud_vel_59_lz_100000.png>
Package pdftex.def Info: graphs/scatter_magnitud_vel_59_lz_100000.png used on i
nput line 633.
(pdftex.def)             Requested size: 179.64682pt x 179.63797pt.

<graphs/scatter_magnitud_vel_59_lz_200000.png, id=306, 1445.4pt x 1445.4pt>
File: graphs/scatter_magnitud_vel_59_lz_200000.png Graphic file (type png)

<use graphs/scatter_magnitud_vel_59_lz_200000.png>
Package pdftex.def Info: graphs/scatter_magnitud_vel_59_lz_200000.png used on i
nput line 637.
(pdftex.def)             Requested size: 179.64682pt x 179.63797pt.
 [15 <./graphs/scatter_magnitud_vel50000.png> <./graphs/scatter_magnitud_vel100
000.png> <./graphs/scatter_magnitud_vel150000.png> <./graphs/scatter_magnitud_v
el200000.png>]
Underfull \hbox (badness 10000) in paragraph at lines 645--646

 []

<graphs/regions_small.png, id=317, 1806.75pt x 1806.75pt>
File: graphs/regions_small.png Graphic file (type png)

<use graphs/regions_small.png>
Package pdftex.def Info: graphs/regions_small.png used on input line 650.
(pdftex.def)             Requested size: 354.86412pt x 354.86494pt.
 [16 <./graphs/scatter_magnitud_vel_488_lz_100000.png> <./graphs/scatter_magnit
ud_vel_488_lz_200000.png> <./graphs/scatter_magnitud_vel_59_lz_100000.png> <./g
raphs/scatter_magnitud_vel_59_lz_200000.png>]
<graphs/regions_big.png, id=327, 1806.75pt x 1806.75pt>
File: graphs/regions_big.png Graphic file (type png)

<use graphs/regions_big.png>
Package pdftex.def Info: graphs/regions_big.png used on input line 663.
(pdftex.def)             Requested size: 354.86412pt x 354.86494pt.
 [17 <./graphs/regions_small.png>]
Underfull \hbox (badness 10000) in paragraph at lines 670--671

 []

[18 <./graphs/regions_big.png>]
(/usr/share/texlive/texmf-dist/tex/latex/listings/lstlang1.sty
File: lstlang1.sty 2013/08/26 1.5b listings language file
)
(./code/region_detection_document.py
LaTeX Font Info:    Font shape `OMS/cmr/m/n' in size <6> not available
(Font)              Font shape `OMS/cmsy/m/n' tried instead on input line 1.

Overfull \hbox (0.8209pt too wide) in paragraph at lines 9--11
[][][][][][][][][][][][][][][][][][][][][][][][][][][] 
 []

LaTeX Font Info:    External font `cmex10' loaded for size
(Font)              <5> on input line 30.
LaTeX Font Info:    Try loading font information for OML+cmr on input line 46.
(/usr/share/texlive/texmf-dist/tex/latex/base/omlcmr.fd
File: omlcmr.fd 1999/05/25 v2.5h Standard LaTeX font definitions
)
LaTeX Font Info:    Font shape `OML/cmr/m/n' in size <6> not available
(Font)              Font shape `OML/cmm/m/it' tried instead on input line 46.

Overfull \hbox (31.62086pt too wide) in paragraph at lines 65--66
[][][][][][][][][][][][][][][][][][][][][][][][][][] 
 []


Overfull \hbox (40.42085pt too wide) in paragraph at lines 68--69
[][][][][][][][][][][][][][][][][][][][][][][][][][] 
 []

[19]
Overfull \hbox (31.62086pt too wide) in paragraph at lines 73--74
[][][][][][][][][][][][][][][][][][][][][][][][][][] 
 []


Overfull \hbox (40.42085pt too wide) in paragraph at lines 77--78
[][][][][][][][][][][][][][][][][][][][][][][][][][] 
 []

)
Package atveryend Info: Empty hook `BeforeClearDocument' on input line 685.
 [20]
Package atveryend Info: Empty hook `AfterLastShipout' on input line 685.
 (./SHDC_Document.aux)
Package atveryend Info: Executing hook `AtVeryEndDocument' on input line 685.
Package atveryend Info: Executing hook `AtEndAfterFileList' on input line 685.
Package rerunfilecheck Info: File `SHDC_Document.out' has not changed.
(rerunfilecheck)             Checksum: FB60FD13FD0DC484AB4307622D8EB3A8;2273.


LaTeX Warning: There were undefined references.

Package atveryend Info: Empty hook `AtVeryVeryEnd' on input line 685.
 ) 
Here is how much of TeX's memory you used:
 8969 strings out of 494985
 137423 string characters out of 6180356
 281228 words of memory out of 5000000
 11848 multiletter control sequences out of 15000+600000
 10285 words of font info for 36 fonts, out of 8000000 for 9000
 36 hyphenation exceptions out of 8191
 42i,9n,43p,381b,1832s stack positions out of 5000i,500n,10000p,200000b,80000s
</usr/share/texlive/texmf-dist/fonts/type1/public/amsfonts/cm/cmbx12.pfb></us
r/share/texlive/texmf-dist/fonts/type1/public/amsfonts/cm/cmbx6.pfb></usr/share
/texlive/texmf-dist/fonts/type1/public/amsfonts/cm/cmmi12.pfb></usr/share/texli
ve/texmf-dist/fonts/type1/public/amsfonts/cm/cmmi6.pfb></usr/share/texlive/texm
f-dist/fonts/type1/public/amsfonts/cm/cmmi8.pfb></usr/share/texlive/texmf-dist/
fonts/type1/public/amsfonts/cm/cmr10.pfb></usr/share/texlive/texmf-dist/fonts/t
ype1/public/amsfonts/cm/cmr12.pfb></usr/share/texlive/texmf-dist/fonts/type1/pu
blic/amsfonts/cm/cmr17.pfb></usr/share/texlive/texmf-dist/fonts/type1/public/am
sfonts/cm/cmr6.pfb></usr/share/texlive/texmf-dist/fonts/type1/public/amsfonts/c
m/cmr8.pfb></usr/share/texlive/texmf-dist/fonts/type1/public/amsfonts/cm/cmsy10
.pfb></usr/share/texlive/texmf-dist/fonts/type1/public/amsfonts/cm/cmsy6.pfb></
usr/share/texlive/texmf-dist/fonts/type1/public/amsfonts/cm/cmsy8.pfb></usr/sha
re/texlive/texmf-dist/fonts/type1/public/amsfonts/cm/cmti12.pfb></usr/share/tex
live/texmf-dist/fonts/type1/public/amsfonts/cm/cmti7.pfb></usr/share/texlive/te
xmf-dist/fonts/type1/public/amsfonts/cm/cmtt12.pfb>
Output written on SHDC_Document.pdf (20 pages, 15604847 bytes).
PDF statistics:
 579 PDF objects out of 1000 (max. 8388607)
 502 compressed objects within 6 object streams
 205 named destinations out of 1000 (max. 500000)
 326 words of extra memory for PDF output out of 10000 (max. 10000000)

