\BOOKMARK [1][-]{section.1}{Acknowledgements}{}% 1
\BOOKMARK [1][-]{section.2}{Abstract}{}% 2
\BOOKMARK [1][-]{section.3}{Introduction}{}% 3
\BOOKMARK [1][-]{section.4}{Background}{}% 4
\BOOKMARK [2][-]{subsection.4.1}{Cosmic flows and peculiar velocities}{section.4}% 5
\BOOKMARK [2][-]{subsection.4.2}{Boundaries of Laniakea - The V-Web Algorithm}{section.4}% 6
\BOOKMARK [2][-]{subsection.4.3}{Fractional Anisotropy and Overdensity}{section.4}% 7
\BOOKMARK [2][-]{subsection.4.4}{The Current Model: Cosmological Parameters}{section.4}% 8
\BOOKMARK [1][-]{section.5}{Methods}{}% 9
\BOOKMARK [2][-]{subsection.5.1}{Simulations}{section.5}% 10
\BOOKMARK [2][-]{subsection.5.2}{Approaches}{section.5}% 11
\BOOKMARK [2][-]{subsection.5.3}{Algorithms}{section.5}% 12
\BOOKMARK [3][-]{subsubsection.5.3.1}{Region Growing Algorithm: Basic Description}{subsection.5.3}% 13
\BOOKMARK [3][-]{subsubsection.5.3.2}{Region Growing Algorithm with the FA and the trace of the velocity shear tensor}{subsection.5.3}% 14
\BOOKMARK [1][-]{section.6}{Results}{}% 15
\BOOKMARK [2][-]{subsection.6.1}{General visualizations \(FA, \) of the Simulations}{section.6}% 16
\BOOKMARK [3][-]{subsubsection.6.1.1}{FA, Fractal Anisotropy}{subsection.6.1}% 17
\BOOKMARK [3][-]{subsubsection.6.1.2}{, Overdensity}{subsection.6.1}% 18
\BOOKMARK [2][-]{subsection.6.2}{Region Growing Algorithm with the FA and Overdensity}{section.6}% 19
\BOOKMARK [2][-]{subsection.6.3}{Region Growing Algorithm and FoF with the FA and Overdensity}{section.6}% 20
\BOOKMARK [3][-]{subsubsection.6.3.1}{Influence of the FA in the seeds}{subsection.6.3}% 21
\BOOKMARK [3][-]{subsubsection.6.3.2}{Influence of the FA in the growth}{subsection.6.3}% 22
\BOOKMARK [3][-]{subsubsection.6.3.3}{Volume distribution}{subsection.6.3}% 23
\BOOKMARK [3][-]{subsubsection.6.3.4}{Shape of the regions}{subsection.6.3}% 24
\BOOKMARK [2][-]{subsection.6.4}{Comparisons with Laniakea}{section.6}% 25
\BOOKMARK [1][-]{section.7}{Discussions}{}% 26
\BOOKMARK [1][-]{section.8}{Conclusions}{}% 27
\BOOKMARK [1][-]{section.9}{Future Work}{}% 28
\BOOKMARK [1][-]{appendix.A}{Approach by the Speed}{}% 29
\BOOKMARK [2][-]{subsection.A.1}{Region Growing Algorithm with the Speed}{appendix.A}% 30
\BOOKMARK [2][-]{subsection.A.2}{Results of the Speed Approach}{appendix.A}% 31
\BOOKMARK [2][-]{subsection.A.3}{Code example for Region Growing Algorithm - Approach by the Speed}{appendix.A}% 32
